<?xml version="1.0" encoding="UTF-8"?>
<testsuites>
  <testsuite name="/var/www/html/phpunit.xml.dist" tests="42" assertions="139" errors="0" failures="0" skipped="0" time="0.614145">
    <testsuite name="Unit" tests="42" assertions="139" errors="0" failures="0" skipped="0" time="0.614145">
      <testsuite name="QuickBite\Tests\Unit\Models\PedidoTest" file="/var/www/html/tests/Unit/Models/PedidoTest.php" tests="11" assertions="68" errors="0" failures="0" skipped="0" time="0.026622">
        <testcase name="testPedidoCanBeInstantiated" file="/var/www/html/tests/Unit/Models/PedidoTest.php" line="32" class="QuickBite\Tests\Unit\Models\PedidoTest" classname="QuickBite.Tests.Unit.Models.PedidoTest" assertions="1" time="0.017171"/>
        <testcase name="testPedidoHasDefaultProperties" file="/var/www/html/tests/Unit/Models/PedidoTest.php" line="41" class="QuickBite\Tests\Unit\Models\PedidoTest" classname="QuickBite.Tests.Unit.Models.PedidoTest" assertions="8" time="0.001143"/>
        <testcase name="testPedidoPropertiesCanBeSet" file="/var/www/html/tests/Unit/Models/PedidoTest.php" line="58" class="QuickBite\Tests\Unit\Models\PedidoTest" classname="QuickBite.Tests.Unit.Models.PedidoTest" assertions="6" time="0.000244"/>
        <testcase name="testTipoPedidoValues" file="/var/www/html/tests/Unit/Models/PedidoTest.php" line="80" class="QuickBite\Tests\Unit\Models\PedidoTest" classname="QuickBite.Tests.Unit.Models.PedidoTest" assertions="2" time="0.000146"/>
        <testcase name="testCrearPedidoExecutesInsertQuery" file="/var/www/html/tests/Unit/Models/PedidoTest.php" line="95" class="QuickBite\Tests\Unit\Models\PedidoTest" classname="QuickBite.Tests.Unit.Models.PedidoTest" assertions="4" time="0.004871"/>
        <testcase name="testCrearPedidoFailureReturnsError" file="/var/www/html/tests/Unit/Models/PedidoTest.php" line="131" class="QuickBite\Tests\Unit\Models\PedidoTest" classname="QuickBite.Tests.Unit.Models.PedidoTest" assertions="2" time="0.000622"/>
        <testcase name="testAgregarDetalleExecutesInsertQuery" file="/var/www/html/tests/Unit/Models/PedidoTest.php" line="161" class="QuickBite\Tests\Unit\Models\PedidoTest" classname="QuickBite.Tests.Unit.Models.PedidoTest" assertions="3" time="0.000284"/>
        <testcase name="testEstadosPedidoValidos" file="/var/www/html/tests/Unit/Models/PedidoTest.php" line="191" class="QuickBite\Tests\Unit\Models\PedidoTest" classname="QuickBite.Tests.Unit.Models.PedidoTest" assertions="35" time="0.001652"/>
        <testcase name="testCalculoMontoTotal" file="/var/www/html/tests/Unit/Models/PedidoTest.php" line="211" class="QuickBite\Tests\Unit\Models\PedidoTest" classname="QuickBite.Tests.Unit.Models.PedidoTest" assertions="1" time="0.000178"/>
        <testcase name="testPedidoProgramadoTieneFecha" file="/var/www/html/tests/Unit/Models/PedidoTest.php" line="236" class="QuickBite\Tests\Unit\Models\PedidoTest" classname="QuickBite.Tests.Unit.Models.PedidoTest" assertions="4" time="0.000178"/>
        <testcase name="testMetodoPagoPuedeSerNull" file="/var/www/html/tests/Unit/Models/PedidoTest.php" line="255" class="QuickBite\Tests\Unit\Models\PedidoTest" classname="QuickBite.Tests.Unit.Models.PedidoTest" assertions="2" time="0.000131"/>
      </testsuite>
      <testsuite name="QuickBite\Tests\Unit\Models\UsuarioTest" file="/var/www/html/tests/Unit/Models/UsuarioTest.php" tests="12" assertions="34" errors="0" failures="0" skipped="0" time="0.583408">
        <testcase name="testUsuarioCanBeInstantiated" file="/var/www/html/tests/Unit/Models/UsuarioTest.php" line="31" class="QuickBite\Tests\Unit\Models\UsuarioTest" classname="QuickBite.Tests.Unit.Models.UsuarioTest" assertions="1" time="0.000147"/>
        <testcase name="testUsuarioPropertiesCanBeSet" file="/var/www/html/tests/Unit/Models/UsuarioTest.php" line="40" class="QuickBite\Tests\Unit\Models\UsuarioTest" classname="QuickBite.Tests.Unit.Models.UsuarioTest" assertions="5" time="0.000175"/>
        <testcase name="testLoginExitosoRetornaSuccessTrue" file="/var/www/html/tests/Unit/Models/UsuarioTest.php" line="60" class="QuickBite\Tests\Unit\Models\UsuarioTest" classname="QuickBite.Tests.Unit.Models.UsuarioTest" assertions="2" time="0.143190"/>
        <testcase name="testLoginConPasswordIncorrectoRetornaError" file="/var/www/html/tests/Unit/Models/UsuarioTest.php" line="106" class="QuickBite\Tests\Unit\Models\UsuarioTest" classname="QuickBite.Tests.Unit.Models.UsuarioTest" assertions="2" time="0.126754"/>
        <testcase name="testLoginUsuarioNoEncontrado" file="/var/www/html/tests/Unit/Models/UsuarioTest.php" line="146" class="QuickBite\Tests\Unit\Models\UsuarioTest" classname="QuickBite.Tests.Unit.Models.UsuarioTest" assertions="2" time="0.000431"/>
        <testcase name="testLoginEmailNoVerificado" file="/var/www/html/tests/Unit/Models/UsuarioTest.php" line="173" class="QuickBite\Tests\Unit\Models\UsuarioTest" classname="QuickBite.Tests.Unit.Models.UsuarioTest" assertions="2" time="0.123307"/>
        <testcase name="testTiposDeUsuarioValidos" file="/var/www/html/tests/Unit/Models/UsuarioTest.php" line="212" class="QuickBite\Tests\Unit\Models\UsuarioTest" classname="QuickBite.Tests.Unit.Models.UsuarioTest" assertions="4" time="0.000279"/>
        <testcase name="testPasswordHashingFunciona" file="/var/www/html/tests/Unit/Models/UsuarioTest.php" line="227" class="QuickBite\Tests\Unit\Models\UsuarioTest" classname="QuickBite.Tests.Unit.Models.UsuarioTest" assertions="3" time="0.187293"/>
        <testcase name="testEmailSanitization" file="/var/www/html/tests/Unit/Models/UsuarioTest.php" line="245" class="QuickBite\Tests\Unit\Models\UsuarioTest" classname="QuickBite.Tests.Unit.Models.UsuarioTest" assertions="1" time="0.000376"/>
        <testcase name="testUsuarioTienePropiedadesVerificacion" file="/var/www/html/tests/Unit/Models/UsuarioTest.php" line="260" class="QuickBite\Tests\Unit\Models\UsuarioTest" classname="QuickBite.Tests.Unit.Models.UsuarioTest" assertions="4" time="0.000389"/>
        <testcase name="testUsuarioEstadoActivo" file="/var/www/html/tests/Unit/Models/UsuarioTest.php" line="281" class="QuickBite\Tests\Unit\Models\UsuarioTest" classname="QuickBite.Tests.Unit.Models.UsuarioTest" assertions="2" time="0.000235"/>
        <testcase name="testValidacionFormatoEmail" file="/var/www/html/tests/Unit/Models/UsuarioTest.php" line="295" class="QuickBite\Tests\Unit\Models\UsuarioTest" classname="QuickBite.Tests.Unit.Models.UsuarioTest" assertions="6" time="0.000832"/>
      </testsuite>
      <testsuite name="QuickBite\Tests\Unit\Services\ComisionServiceTest" file="/var/www/html/tests/Unit/Services/ComisionServiceTest.php" tests="19" assertions="37" errors="0" failures="0" skipped="0" time="0.004114">
        <testcase name="testComisionServiceCanBeInstantiated" file="/var/www/html/tests/Unit/Services/ComisionServiceTest.php" line="32" class="QuickBite\Tests\Unit\Services\ComisionServiceTest" classname="QuickBite.Tests.Unit.Services.ComisionServiceTest" assertions="1" time="0.000201"/>
        <testcase name="testComisionServiceCanBeInstantiatedWithoutDb" file="/var/www/html/tests/Unit/Services/ComisionServiceTest.php" line="41" class="QuickBite\Tests\Unit\Services\ComisionServiceTest" classname="QuickBite.Tests.Unit.Services.ComisionServiceTest" assertions="1" time="0.000145"/>
        <testcase name="testCalcularDistribucionRetornaArrayCompleto" file="/var/www/html/tests/Unit/Services/ComisionServiceTest.php" line="50" class="QuickBite\Tests\Unit\Services\ComisionServiceTest" classname="QuickBite.Tests.Unit.Services.ComisionServiceTest" assertions="8" time="0.000532"/>
        <testcase name="testCalcularEnvioDistanciaNormal" file="/var/www/html/tests/Unit/Services/ComisionServiceTest.php" line="76" class="QuickBite\Tests\Unit\Services\ComisionServiceTest" classname="QuickBite.Tests.Unit.Services.ComisionServiceTest" assertions="2" time="0.000160"/>
        <testcase name="testCalcularEnvioDistanciaCero" file="/var/www/html/tests/Unit/Services/ComisionServiceTest.php" line="89" class="QuickBite\Tests\Unit\Services\ComisionServiceTest" classname="QuickBite.Tests.Unit.Services.ComisionServiceTest" assertions="1" time="0.000189"/>
        <testcase name="testCalcularCargoServicioSinMembresia" file="/var/www/html/tests/Unit/Services/ComisionServiceTest.php" line="102" class="QuickBite\Tests\Unit\Services\ComisionServiceTest" classname="QuickBite.Tests.Unit.Services.ComisionServiceTest" assertions="1" time="0.000188"/>
        <testcase name="testCalcularPagoRepartidorIncluyePropina" file="/var/www/html/tests/Unit/Services/ComisionServiceTest.php" line="114" class="QuickBite\Tests\Unit\Services\ComisionServiceTest" classname="QuickBite.Tests.Unit.Services.ComisionServiceTest" assertions="1" time="0.000141"/>
        <testcase name="testCalcularComisionRetornaArray" file="/var/www/html/tests/Unit/Services/ComisionServiceTest.php" line="127" class="QuickBite\Tests\Unit\Services\ComisionServiceTest" classname="QuickBite.Tests.Unit.Services.ComisionServiceTest" assertions="1" time="0.000142"/>
        <testcase name="testVerificarMembresiaSinConexionRetornaFalse" file="/var/www/html/tests/Unit/Services/ComisionServiceTest.php" line="139" class="QuickBite\Tests\Unit\Services\ComisionServiceTest" classname="QuickBite.Tests.Unit.Services.ComisionServiceTest" assertions="1" time="0.000128"/>
        <testcase name="testVerificarNegocioPremiumSinConexionRetornaFalse" file="/var/www/html/tests/Unit/Services/ComisionServiceTest.php" line="151" class="QuickBite\Tests\Unit\Services\ComisionServiceTest" classname="QuickBite.Tests.Unit.Services.ComisionServiceTest" assertions="1" time="0.000161"/>
        <testcase name="testVerificarMembresiaConUsuarioMiembro" file="/var/www/html/tests/Unit/Services/ComisionServiceTest.php" line="163" class="QuickBite\Tests\Unit\Services\ComisionServiceTest" classname="QuickBite.Tests.Unit.Services.ComisionServiceTest" assertions="1" time="0.000359"/>
        <testcase name="testVerificarMembresiaConUsuarioNoMiembro" file="/var/www/html/tests/Unit/Services/ComisionServiceTest.php" line="187" class="QuickBite\Tests\Unit\Services\ComisionServiceTest" classname="QuickBite.Tests.Unit.Services.ComisionServiceTest" assertions="1" time="0.000285"/>
        <testcase name="testObtenerComisionNegocioNormalVsPremium" file="/var/www/html/tests/Unit/Services/ComisionServiceTest.php" line="208" class="QuickBite\Tests\Unit\Services\ComisionServiceTest" classname="QuickBite.Tests.Unit.Services.ComisionServiceTest" assertions="1" time="0.000336"/>
        <testcase name="testCalcularTotalPedidoRetornaDesglose" file="/var/www/html/tests/Unit/Services/ComisionServiceTest.php" line="242" class="QuickBite\Tests\Unit\Services\ComisionServiceTest" classname="QuickBite.Tests.Unit.Services.ComisionServiceTest" assertions="8" time="0.000440"/>
        <testcase name="testDentroDeRangoEntrega" file="/var/www/html/tests/Unit/Services/ComisionServiceTest.php" line="272" class="QuickBite\Tests\Unit\Services\ComisionServiceTest" classname="QuickBite.Tests.Unit.Services.ComisionServiceTest" assertions="2" time="0.000150"/>
        <testcase name="testFueraDeRangoEntrega" file="/var/www/html/tests/Unit/Services/ComisionServiceTest.php" line="286" class="QuickBite\Tests\Unit\Services\ComisionServiceTest" classname="QuickBite.Tests.Unit.Services.ComisionServiceTest" assertions="2" time="0.000122"/>
        <testcase name="testRegistrarAhorroSinConexionRetornaFalse" file="/var/www/html/tests/Unit/Services/ComisionServiceTest.php" line="298" class="QuickBite\Tests\Unit\Services\ComisionServiceTest" classname="QuickBite.Tests.Unit.Services.ComisionServiceTest" assertions="1" time="0.000168"/>
        <testcase name="testObtenerBeneficiosSinConexionRetornaNull" file="/var/www/html/tests/Unit/Services/ComisionServiceTest.php" line="315" class="QuickBite\Tests\Unit\Services\ComisionServiceTest" classname="QuickBite.Tests.Unit.Services.ComisionServiceTest" assertions="1" time="0.000130"/>
        <testcase name="testValoresSonRedondeados" file="/var/www/html/tests/Unit/Services/ComisionServiceTest.php" line="327" class="QuickBite\Tests\Unit\Services\ComisionServiceTest" classname="QuickBite.Tests.Unit.Services.ComisionServiceTest" assertions="2" time="0.000137"/>
      </testsuite>
    </testsuite>
  </testsuite>
</testsuites>
